<?xml version="1.0" encoding="UTF-8"?>
<!-- Generated by org.testng.reporters.JUnitReportReporter -->
<testsuite hostname="LAPTOP-OFA926NS" failures="0" tests="1" name="runner.CucumberRunner" time="0.102" errors="0" timestamp="2021-07-12T20:04:45 IST" skipped="0">
  <testcase classname="runner.CucumberRunner" name="runScenario" time="0.102"/>
  <system-out/>
</testsuite> <!-- runner.CucumberRunner -->
